{"/Users/kabouelrous/Documents/Capstone/KhalidRoboForce/brainforce-api/config.js": {"path":"/Users/kabouelrous/Documents/Capstone/KhalidRoboForce/brainforce-api/config.js","statementMap":{"0":{"start":{"line":1,"column":0},"end":{"line":1,"column":27}},"1":{"start":{"line":2,"column":0},"end":{"line":2,"column":18}},"2":{"start":{"line":4,"column":13},"end":{"line":4,"column":63}},"3":{"start":{"line":8,"column":16},"end":{"line":8,"column":33}},"4":{"start":{"line":9,"column":2},"end":{"line":9,"column":35}},"5":{"start":{"line":10,"column":2},"end":{"line":10,"column":15}},"6":{"start":{"line":13,"column":27},"end":{"line":13,"column":28}},"7":{"start":{"line":15,"column":0},"end":{"line":15,"column":38}},"8":{"start":{"line":16,"column":0},"end":{"line":16,"column":32}},"9":{"start":{"line":17,"column":0},"end":{"line":17,"column":59}},"10":{"start":{"line":18,"column":0},"end":{"line":18,"column":48}},"11":{"start":{"line":19,"column":0},"end":{"line":19,"column":19}},"12":{"start":{"line":21,"column":0},"end":{"line":25,"column":2}}},"fnMap":{"0":{"name":"getDatabaseUri","decl":{"start":{"line":7,"column":9},"end":{"line":7,"column":23}},"loc":{"start":{"line":7,"column":26},"end":{"line":11,"column":1}},"line":7}},"branchMap":{"0":{"loc":{"start":{"line":4,"column":13},"end":{"line":4,"column":63}},"type":"cond-expr","locations":[{"start":{"line":4,"column":32},"end":{"line":4,"column":56}},{"start":{"line":4,"column":59},"end":{"line":4,"column":63}}],"line":4}},"s":{"0":1,"1":1,"2":1,"3":2,"4":2,"5":2,"6":1,"7":1,"8":1,"9":1,"10":1,"11":1,"12":1},"f":{"0":2},"b":{"0":[0,1]},"_coverageSchema":"1a1c01bbd47fc00a2c39e90264f33305004495a9","hash":"7fc4dc6e2511d6267afb1d089069624b4a5d7028"}
,"/Users/kabouelrous/Documents/Capstone/KhalidRoboForce/brainforce-api/db.js": {"path":"/Users/kabouelrous/Documents/Capstone/KhalidRoboForce/brainforce-api/db.js","statementMap":{"0":{"start":{"line":1,"column":19},"end":{"line":1,"column":32}},"1":{"start":{"line":2,"column":27},"end":{"line":2,"column":46}},"2":{"start":{"line":3,"column":0},"end":{"line":3,"column":18}},"3":{"start":{"line":5,"column":11},"end":{"line":8,"column":2}},"4":{"start":{"line":10,"column":0},"end":{"line":16,"column":3}},"5":{"start":{"line":11,"column":2},"end":{"line":15,"column":3}},"6":{"start":{"line":12,"column":4},"end":{"line":12,"column":49}},"7":{"start":{"line":14,"column":4},"end":{"line":14,"column":69}},"8":{"start":{"line":18,"column":0},"end":{"line":18,"column":20}}},"fnMap":{"0":{"name":"(anonymous_0)","decl":{"start":{"line":10,"column":11},"end":{"line":10,"column":12}},"loc":{"start":{"line":10,"column":20},"end":{"line":16,"column":1}},"line":10}},"branchMap":{"0":{"loc":{"start":{"line":11,"column":2},"end":{"line":15,"column":3}},"type":"if","locations":[{"start":{"line":11,"column":2},"end":{"line":15,"column":3}},{"start":{"line":13,"column":9},"end":{"line":15,"column":3}}],"line":11}},"s":{"0":1,"1":1,"2":1,"3":1,"4":1,"5":1,"6":0,"7":1,"8":1},"f":{"0":1},"b":{"0":[0,1]},"_coverageSchema":"1a1c01bbd47fc00a2c39e90264f33305004495a9","hash":"066bbc56bbddea339945652d47f4a0822639bff1"}
,"/Users/kabouelrous/Documents/Capstone/KhalidRoboForce/brainforce-api/errors.js": {"path":"/Users/kabouelrous/Documents/Capstone/KhalidRoboForce/brainforce-api/errors.js","statementMap":{"0":{"start":{"line":3,"column":4},"end":{"line":3,"column":19}},"1":{"start":{"line":4,"column":4},"end":{"line":4,"column":34}},"2":{"start":{"line":5,"column":4},"end":{"line":5,"column":26}},"3":{"start":{"line":11,"column":0},"end":{"line":13,"column":2}}},"fnMap":{"0":{"name":"(anonymous_0)","decl":{"start":{"line":2,"column":2},"end":{"line":2,"column":3}},"loc":{"start":{"line":2,"column":23},"end":{"line":6,"column":3}},"line":2}},"branchMap":{},"s":{"0":0,"1":0,"2":0,"3":1},"f":{"0":0},"b":{},"_coverageSchema":"1a1c01bbd47fc00a2c39e90264f33305004495a9","hash":"ae15da05a83527f328210a00a72ad635382cf8f5"}
,"/Users/kabouelrous/Documents/Capstone/KhalidRoboForce/brainforce-api/models/user.js": {"path":"/Users/kabouelrous/Documents/Capstone/KhalidRoboForce/brainforce-api/models/user.js","statementMap":{"0":{"start":{"line":1,"column":11},"end":{"line":1,"column":27}},"1":{"start":{"line":2,"column":15},"end":{"line":2,"column":32}},"2":{"start":{"line":3,"column":47},"end":{"line":3,"column":73}},"3":{"start":{"line":4,"column":27},"end":{"line":4,"column":55}},"4":{"start":{"line":5,"column":15},"end":{"line":5,"column":32}},"5":{"start":{"line":6,"column":12},"end":{"line":6,"column":35}},"6":{"start":{"line":7,"column":18},"end":{"line":7,"column":56}},"7":{"start":{"line":9,"column":31},"end":{"line":9,"column":51}},"8":{"start":{"line":21,"column":4},"end":{"line":27,"column":6}},"9":{"start":{"line":39,"column":71},"end":{"line":39,"column":76}},"10":{"start":{"line":40,"column":26},"end":{"line":47,"column":5}},"11":{"start":{"line":48,"column":4},"end":{"line":56,"column":5}},"12":{"start":{"line":49,"column":6},"end":{"line":53,"column":9}},"13":{"start":{"line":55,"column":6},"end":{"line":55,"column":16}},"14":{"start":{"line":58,"column":4},"end":{"line":60,"column":5}},"15":{"start":{"line":59,"column":6},"end":{"line":59,"column":74}},"16":{"start":{"line":62,"column":4},"end":{"line":64,"column":5}},"17":{"start":{"line":63,"column":6},"end":{"line":63,"column":74}},"18":{"start":{"line":66,"column":4},"end":{"line":68,"column":5}},"19":{"start":{"line":67,"column":6},"end":{"line":67,"column":49}},"20":{"start":{"line":70,"column":34},"end":{"line":70,"column":76}},"21":{"start":{"line":71,"column":4},"end":{"line":73,"column":5}},"22":{"start":{"line":72,"column":6},"end":{"line":72,"column":61}},"23":{"start":{"line":75,"column":27},"end":{"line":75,"column":74}},"24":{"start":{"line":76,"column":28},"end":{"line":76,"column":47}},"25":{"start":{"line":78,"column":19},"end":{"line":95,"column":5}},"26":{"start":{"line":97,"column":17},"end":{"line":97,"column":31}},"27":{"start":{"line":99,"column":4},"end":{"line":99,"column":16}},"28":{"start":{"line":110,"column":4},"end":{"line":110,"column":51}},"29":{"start":{"line":111,"column":21},"end":{"line":113,"column":6}},"30":{"start":{"line":114,"column":17},"end":{"line":114,"column":24}},"31":{"start":{"line":115,"column":4},"end":{"line":115,"column":38}},"32":{"start":{"line":116,"column":4},"end":{"line":118,"column":5}},"33":{"start":{"line":117,"column":6},"end":{"line":117,"column":18}},"34":{"start":{"line":122,"column":21},"end":{"line":124,"column":6}},"35":{"start":{"line":125,"column":17},"end":{"line":125,"column":24}},"36":{"start":{"line":126,"column":4},"end":{"line":134,"column":5}},"37":{"start":{"line":127,"column":30},"end":{"line":130,"column":7}},"38":{"start":{"line":131,"column":6},"end":{"line":133,"column":7}},"39":{"start":{"line":132,"column":8},"end":{"line":132,"column":20}},"40":{"start":{"line":144,"column":19},"end":{"line":153,"column":5}},"41":{"start":{"line":155,"column":17},"end":{"line":155,"column":31}},"42":{"start":{"line":157,"column":4},"end":{"line":157,"column":16}},"43":{"start":{"line":161,"column":20},"end":{"line":166,"column":5}},"44":{"start":{"line":168,"column":18},"end":{"line":168,"column":67}},"45":{"start":{"line":169,"column":4},"end":{"line":169,"column":32}},"46":{"start":{"line":170,"column":4},"end":{"line":170,"column":17}},"47":{"start":{"line":174,"column":4},"end":{"line":179,"column":5}},"48":{"start":{"line":175,"column":22},"end":{"line":175,"column":50}},"49":{"start":{"line":176,"column":6},"end":{"line":176,"column":21}},"50":{"start":{"line":178,"column":6},"end":{"line":178,"column":18}},"51":{"start":{"line":182,"column":0},"end":{"line":182,"column":22}}},"fnMap":{"0":{"name":"(anonymous_0)","decl":{"start":{"line":20,"column":2},"end":{"line":20,"column":3}},"loc":{"start":{"line":20,"column":33},"end":{"line":28,"column":3}},"line":20},"1":{"name":"(anonymous_1)","decl":{"start":{"line":38,"column":2},"end":{"line":38,"column":3}},"loc":{"start":{"line":38,"column":31},"end":{"line":100,"column":3}},"line":38},"2":{"name":"(anonymous_2)","decl":{"start":{"line":109,"column":2},"end":{"line":109,"column":3}},"loc":{"start":{"line":109,"column":47},"end":{"line":119,"column":3}},"line":109},"3":{"name":"(anonymous_3)","decl":{"start":{"line":121,"column":2},"end":{"line":121,"column":3}},"loc":{"start":{"line":121,"column":39},"end":{"line":135,"column":3}},"line":121},"4":{"name":"(anonymous_4)","decl":{"start":{"line":143,"column":2},"end":{"line":143,"column":3}},"loc":{"start":{"line":143,"column":33},"end":{"line":158,"column":3}},"line":143},"5":{"name":"(anonymous_5)","decl":{"start":{"line":160,"column":2},"end":{"line":160,"column":3}},"loc":{"start":{"line":160,"column":39},"end":{"line":171,"column":3}},"line":160},"6":{"name":"(anonymous_6)","decl":{"start":{"line":173,"column":2},"end":{"line":173,"column":3}},"loc":{"start":{"line":173,"column":38},"end":{"line":180,"column":3}},"line":173}},"branchMap":{"0":{"loc":{"start":{"line":58,"column":4},"end":{"line":60,"column":5}},"type":"if","locations":[{"start":{"line":58,"column":4},"end":{"line":60,"column":5}},{"start":{},"end":{}}],"line":58},"1":{"loc":{"start":{"line":62,"column":4},"end":{"line":64,"column":5}},"type":"if","locations":[{"start":{"line":62,"column":4},"end":{"line":64,"column":5}},{"start":{},"end":{}}],"line":62},"2":{"loc":{"start":{"line":66,"column":4},"end":{"line":68,"column":5}},"type":"if","locations":[{"start":{"line":66,"column":4},"end":{"line":68,"column":5}},{"start":{},"end":{}}],"line":66},"3":{"loc":{"start":{"line":71,"column":4},"end":{"line":73,"column":5}},"type":"if","locations":[{"start":{"line":71,"column":4},"end":{"line":73,"column":5}},{"start":{},"end":{}}],"line":71},"4":{"loc":{"start":{"line":116,"column":4},"end":{"line":118,"column":5}},"type":"if","locations":[{"start":{"line":116,"column":4},"end":{"line":118,"column":5}},{"start":{},"end":{}}],"line":116},"5":{"loc":{"start":{"line":126,"column":4},"end":{"line":134,"column":5}},"type":"if","locations":[{"start":{"line":126,"column":4},"end":{"line":134,"column":5}},{"start":{},"end":{}}],"line":126},"6":{"loc":{"start":{"line":131,"column":6},"end":{"line":133,"column":7}},"type":"if","locations":[{"start":{"line":131,"column":6},"end":{"line":133,"column":7}},{"start":{},"end":{}}],"line":131}},"s":{"0":1,"1":1,"2":1,"3":1,"4":1,"5":1,"6":1,"7":1,"8":0,"9":1,"10":1,"11":1,"12":1,"13":0,"14":1,"15":0,"16":1,"17":0,"18":1,"19":0,"20":1,"21":1,"22":1,"23":0,"24":0,"25":0,"26":0,"27":0,"28":1,"29":1,"30":1,"31":1,"32":1,"33":1,"34":0,"35":0,"36":0,"37":0,"38":0,"39":0,"40":0,"41":0,"42":0,"43":0,"44":0,"45":0,"46":0,"47":0,"48":0,"49":0,"50":0,"51":1},"f":{"0":0,"1":1,"2":1,"3":0,"4":0,"5":0,"6":0},"b":{"0":[0,1],"1":[0,1],"2":[0,1],"3":[1,0],"4":[1,0],"5":[0,0],"6":[0,0]},"_coverageSchema":"1a1c01bbd47fc00a2c39e90264f33305004495a9","hash":"d37839be1efaace1fcce92df0b506762d3d25387"}
,"/Users/kabouelrous/Documents/Capstone/KhalidRoboForce/brainforce-api/utils/errors.js": {"path":"/Users/kabouelrous/Documents/Capstone/KhalidRoboForce/brainforce-api/utils/errors.js","statementMap":{"0":{"start":{"line":3,"column":4},"end":{"line":3,"column":12}},"1":{"start":{"line":4,"column":4},"end":{"line":4,"column":27}},"2":{"start":{"line":5,"column":4},"end":{"line":5,"column":25}},"3":{"start":{"line":13,"column":4},"end":{"line":13,"column":24}},"4":{"start":{"line":21,"column":4},"end":{"line":21,"column":24}},"5":{"start":{"line":29,"column":4},"end":{"line":29,"column":24}},"6":{"start":{"line":37,"column":4},"end":{"line":37,"column":24}},"7":{"start":{"line":45,"column":4},"end":{"line":45,"column":24}},"8":{"start":{"line":49,"column":0},"end":{"line":56,"column":2}}},"fnMap":{"0":{"name":"(anonymous_0)","decl":{"start":{"line":2,"column":2},"end":{"line":2,"column":3}},"loc":{"start":{"line":2,"column":31},"end":{"line":6,"column":3}},"line":2},"1":{"name":"(anonymous_1)","decl":{"start":{"line":12,"column":2},"end":{"line":12,"column":3}},"loc":{"start":{"line":12,"column":39},"end":{"line":14,"column":3}},"line":12},"2":{"name":"(anonymous_2)","decl":{"start":{"line":20,"column":2},"end":{"line":20,"column":3}},"loc":{"start":{"line":20,"column":40},"end":{"line":22,"column":3}},"line":20},"3":{"name":"(anonymous_3)","decl":{"start":{"line":28,"column":2},"end":{"line":28,"column":3}},"loc":{"start":{"line":28,"column":37},"end":{"line":30,"column":3}},"line":28},"4":{"name":"(anonymous_4)","decl":{"start":{"line":36,"column":2},"end":{"line":36,"column":3}},"loc":{"start":{"line":36,"column":37},"end":{"line":38,"column":3}},"line":36},"5":{"name":"(anonymous_5)","decl":{"start":{"line":44,"column":2},"end":{"line":44,"column":3}},"loc":{"start":{"line":44,"column":48},"end":{"line":46,"column":3}},"line":44}},"branchMap":{"0":{"loc":{"start":{"line":12,"column":14},"end":{"line":12,"column":37}},"type":"default-arg","locations":[{"start":{"line":12,"column":24},"end":{"line":12,"column":37}}],"line":12},"1":{"loc":{"start":{"line":20,"column":14},"end":{"line":20,"column":38}},"type":"default-arg","locations":[{"start":{"line":20,"column":24},"end":{"line":20,"column":38}}],"line":20},"2":{"loc":{"start":{"line":28,"column":14},"end":{"line":28,"column":35}},"type":"default-arg","locations":[{"start":{"line":28,"column":24},"end":{"line":28,"column":35}}],"line":28},"3":{"loc":{"start":{"line":36,"column":14},"end":{"line":36,"column":35}},"type":"default-arg","locations":[{"start":{"line":36,"column":24},"end":{"line":36,"column":35}}],"line":36},"4":{"loc":{"start":{"line":44,"column":14},"end":{"line":44,"column":46}},"type":"default-arg","locations":[{"start":{"line":44,"column":24},"end":{"line":44,"column":46}}],"line":44}},"s":{"0":1,"1":1,"2":1,"3":1,"4":0,"5":0,"6":0,"7":0,"8":1},"f":{"0":1,"1":1,"2":0,"3":0,"4":0,"5":0},"b":{"0":[0],"1":[0],"2":[0],"3":[0],"4":[0]},"_coverageSchema":"1a1c01bbd47fc00a2c39e90264f33305004495a9","hash":"a6f1b8f1b8d21d47afd25bb6bb44705c20e23c49"}
,"/Users/kabouelrous/Documents/Capstone/KhalidRoboForce/brainforce-api/utils/validate.js": {"path":"/Users/kabouelrous/Documents/Capstone/KhalidRoboForce/brainforce-api/utils/validate.js","statementMap":{"0":{"start":{"line":1,"column":37},"end":{"line":1,"column":56}},"1":{"start":{"line":3,"column":14},"end":{"line":4,"column":79}},"2":{"start":{"line":4,"column":2},"end":{"line":4,"column":79}},"3":{"start":{"line":6,"column":23},"end":{"line":17,"column":1}},"4":{"start":{"line":7,"column":2},"end":{"line":8,"column":73}},"5":{"start":{"line":8,"column":4},"end":{"line":8,"column":73}},"6":{"start":{"line":10,"column":2},"end":{"line":16,"column":5}},"7":{"start":{"line":11,"column":4},"end":{"line":15,"column":5}},"8":{"start":{"line":12,"column":6},"end":{"line":14,"column":8}},"9":{"start":{"line":19,"column":0},"end":{"line":19,"column":43}}},"fnMap":{"0":{"name":"(anonymous_0)","decl":{"start":{"line":3,"column":14},"end":{"line":3,"column":15}},"loc":{"start":{"line":4,"column":2},"end":{"line":4,"column":79}},"line":4},"1":{"name":"(anonymous_1)","decl":{"start":{"line":6,"column":23},"end":{"line":6,"column":24}},"loc":{"start":{"line":6,"column":46},"end":{"line":17,"column":1}},"line":6},"2":{"name":"(anonymous_2)","decl":{"start":{"line":10,"column":19},"end":{"line":10,"column":20}},"loc":{"start":{"line":10,"column":29},"end":{"line":16,"column":3}},"line":10}},"branchMap":{"0":{"loc":{"start":{"line":4,"column":2},"end":{"line":4,"column":79}},"type":"binary-expr","locations":[{"start":{"line":4,"column":2},"end":{"line":4,"column":16}},{"start":{"line":4,"column":20},"end":{"line":4,"column":48}},{"start":{"line":4,"column":52},"end":{"line":4,"column":79}}],"line":4},"1":{"loc":{"start":{"line":7,"column":2},"end":{"line":8,"column":73}},"type":"if","locations":[{"start":{"line":7,"column":2},"end":{"line":8,"column":73}},{"start":{},"end":{}}],"line":7},"2":{"loc":{"start":{"line":11,"column":4},"end":{"line":15,"column":5}},"type":"if","locations":[{"start":{"line":11,"column":4},"end":{"line":15,"column":5}},{"start":{},"end":{}}],"line":11}},"s":{"0":1,"1":1,"2":6,"3":1,"4":1,"5":0,"6":1,"7":6,"8":0,"9":1},"f":{"0":6,"1":1,"2":6},"b":{"0":[6,6,6],"1":[0,1],"2":[0,6]},"_coverageSchema":"1a1c01bbd47fc00a2c39e90264f33305004495a9","hash":"b5791d97edb1c91633f033b96ab81be96bcdb711"}
}
