TN:
SF:config.js
FN:7,getDatabaseUri
FNF:1
FNH:1
FNDA:2,getDatabaseUri
DA:1,1
DA:2,1
DA:4,1
DA:8,2
DA:9,2
DA:10,2
DA:13,1
DA:15,1
DA:16,1
DA:17,1
DA:18,1
DA:19,1
DA:21,1
LF:13
LH:13
BRDA:4,0,0,0
BRDA:4,0,1,1
BRF:2
BRH:1
end_of_record
TN:
SF:db.js
FN:10,(anonymous_0)
FNF:1
FNH:1
FNDA:1,(anonymous_0)
DA:1,1
DA:2,1
DA:3,1
DA:5,1
DA:10,1
DA:11,1
DA:12,0
DA:14,1
DA:18,1
LF:9
LH:8
BRDA:11,0,0,0
BRDA:11,0,1,1
BRF:2
BRH:1
end_of_record
TN:
SF:errors.js
FN:2,(anonymous_0)
FNF:1
FNH:0
FNDA:0,(anonymous_0)
DA:3,0
DA:4,0
DA:5,0
DA:11,1
LF:4
LH:1
BRF:0
BRH:0
end_of_record
TN:
SF:models/user.js
FN:20,(anonymous_0)
FN:38,(anonymous_1)
FN:109,(anonymous_2)
FN:121,(anonymous_3)
FN:143,(anonymous_4)
FN:160,(anonymous_5)
FN:173,(anonymous_6)
FNF:7
FNH:2
FNDA:0,(anonymous_0)
FNDA:1,(anonymous_1)
FNDA:1,(anonymous_2)
FNDA:0,(anonymous_3)
FNDA:0,(anonymous_4)
FNDA:0,(anonymous_5)
FNDA:0,(anonymous_6)
DA:1,1
DA:2,1
DA:3,1
DA:4,1
DA:5,1
DA:6,1
DA:7,1
DA:9,1
DA:21,0
DA:39,1
DA:40,1
DA:48,1
DA:49,1
DA:55,0
DA:58,1
DA:59,0
DA:62,1
DA:63,0
DA:66,1
DA:67,0
DA:70,1
DA:71,1
DA:72,1
DA:75,0
DA:76,0
DA:78,0
DA:97,0
DA:99,0
DA:110,1
DA:111,1
DA:114,1
DA:115,1
DA:116,1
DA:117,1
DA:122,0
DA:125,0
DA:126,0
DA:127,0
DA:131,0
DA:132,0
DA:144,0
DA:155,0
DA:157,0
DA:161,0
DA:168,0
DA:169,0
DA:170,0
DA:174,0
DA:175,0
DA:176,0
DA:178,0
DA:182,1
LF:52
LH:25
BRDA:58,0,0,0
BRDA:58,0,1,1
BRDA:62,1,0,0
BRDA:62,1,1,1
BRDA:66,2,0,0
BRDA:66,2,1,1
BRDA:71,3,0,1
BRDA:71,3,1,0
BRDA:116,4,0,1
BRDA:116,4,1,0
BRDA:126,5,0,0
BRDA:126,5,1,0
BRDA:131,6,0,0
BRDA:131,6,1,0
BRF:14
BRH:5
end_of_record
TN:
SF:utils/errors.js
FN:2,(anonymous_0)
FN:12,(anonymous_1)
FN:20,(anonymous_2)
FN:28,(anonymous_3)
FN:36,(anonymous_4)
FN:44,(anonymous_5)
FNF:6
FNH:2
FNDA:1,(anonymous_0)
FNDA:1,(anonymous_1)
FNDA:0,(anonymous_2)
FNDA:0,(anonymous_3)
FNDA:0,(anonymous_4)
FNDA:0,(anonymous_5)
DA:3,1
DA:4,1
DA:5,1
DA:13,1
DA:21,0
DA:29,0
DA:37,0
DA:45,0
DA:49,1
LF:9
LH:5
BRDA:12,0,0,0
BRDA:20,1,0,0
BRDA:28,2,0,0
BRDA:36,3,0,0
BRDA:44,4,0,0
BRF:5
BRH:0
end_of_record
TN:
SF:utils/validate.js
FN:3,(anonymous_0)
FN:6,(anonymous_1)
FN:10,(anonymous_2)
FNF:3
FNH:3
FNDA:6,(anonymous_0)
FNDA:1,(anonymous_1)
FNDA:6,(anonymous_2)
DA:1,1
DA:3,1
DA:4,6
DA:6,1
DA:7,1
DA:8,0
DA:10,1
DA:11,6
DA:12,0
DA:19,1
LF:10
LH:8
BRDA:4,0,0,6
BRDA:4,0,1,6
BRDA:4,0,2,6
BRDA:7,1,0,0
BRDA:7,1,1,1
BRDA:11,2,0,0
BRDA:11,2,1,6
BRF:7
BRH:5
end_of_record
