TN:
SF:config.js
FN:7,getDatabaseUri
FNF:1
FNH:1
FNDA:3,getDatabaseUri
DA:1,2
DA:2,2
DA:4,2
DA:8,3
DA:9,3
DA:10,3
DA:13,2
DA:15,2
DA:16,2
DA:17,2
DA:18,2
DA:19,2
DA:21,2
LF:13
LH:13
BRDA:4,0,0,0
BRDA:4,0,1,2
BRF:2
BRH:1
end_of_record
TN:
SF:db.js
FN:10,(anonymous_0)
FNF:1
FNH:0
FNDA:0,(anonymous_0)
DA:1,1
DA:2,1
DA:3,1
DA:5,1
DA:10,1
DA:11,0
DA:12,0
DA:14,0
DA:18,1
LF:9
LH:6
BRDA:11,0,0,0
BRDA:11,0,1,0
BRF:2
BRH:0
end_of_record
TN:
SF:errors.js
FN:2,(anonymous_0)
FNF:1
FNH:1
FNDA:1,(anonymous_0)
DA:3,1
DA:4,1
DA:5,1
DA:11,1
LF:4
LH:4
BRF:0
BRH:0
end_of_record
TN:
SF:models/user.js
FN:20,(anonymous_0)
FN:38,(anonymous_1)
FN:109,(anonymous_2)
FN:121,(anonymous_3)
FN:143,(anonymous_4)
FN:160,(anonymous_5)
FN:173,(anonymous_6)
FNF:7
FNH:1
FNDA:0,(anonymous_0)
FNDA:2,(anonymous_1)
FNDA:0,(anonymous_2)
FNDA:0,(anonymous_3)
FNDA:0,(anonymous_4)
FNDA:0,(anonymous_5)
FNDA:0,(anonymous_6)
DA:1,1
DA:2,1
DA:3,1
DA:4,1
DA:5,1
DA:6,1
DA:7,1
DA:9,1
DA:21,0
DA:39,2
DA:40,2
DA:48,2
DA:49,2
DA:55,0
DA:58,2
DA:59,0
DA:62,2
DA:63,0
DA:66,2
DA:67,0
DA:70,2
DA:71,2
DA:72,1
DA:75,1
DA:76,1
DA:78,1
DA:97,1
DA:99,1
DA:110,0
DA:111,0
DA:114,0
DA:115,0
DA:116,0
DA:117,0
DA:122,0
DA:125,0
DA:126,0
DA:127,0
DA:131,0
DA:132,0
DA:144,0
DA:155,0
DA:157,0
DA:161,0
DA:168,0
DA:169,0
DA:170,0
DA:174,0
DA:175,0
DA:176,0
DA:178,0
DA:182,1
LF:52
LH:24
BRDA:58,0,0,0
BRDA:58,0,1,2
BRDA:62,1,0,0
BRDA:62,1,1,2
BRDA:66,2,0,0
BRDA:66,2,1,2
BRDA:71,3,0,1
BRDA:71,3,1,1
BRDA:116,4,0,0
BRDA:116,4,1,0
BRDA:126,5,0,0
BRDA:126,5,1,0
BRDA:131,6,0,0
BRDA:131,6,1,0
BRF:14
BRH:5
end_of_record
TN:
SF:utils/errors.js
FN:2,(anonymous_0)
FN:12,(anonymous_1)
FN:20,(anonymous_2)
FN:28,(anonymous_3)
FN:36,(anonymous_4)
FN:44,(anonymous_5)
FNF:6
FNH:2
FNDA:1,(anonymous_0)
FNDA:1,(anonymous_1)
FNDA:0,(anonymous_2)
FNDA:0,(anonymous_3)
FNDA:0,(anonymous_4)
FNDA:0,(anonymous_5)
DA:3,1
DA:4,1
DA:5,1
DA:13,1
DA:21,0
DA:29,0
DA:37,0
DA:45,0
DA:49,1
LF:9
LH:5
BRDA:12,0,0,0
BRDA:20,1,0,0
BRDA:28,2,0,0
BRDA:36,3,0,0
BRDA:44,4,0,0
BRF:5
BRH:0
end_of_record
TN:
SF:utils/validate.js
FN:3,(anonymous_0)
FN:6,(anonymous_1)
FN:10,(anonymous_2)
FNF:3
FNH:3
FNDA:12,(anonymous_0)
FNDA:2,(anonymous_1)
FNDA:12,(anonymous_2)
DA:1,1
DA:3,1
DA:4,12
DA:6,1
DA:7,2
DA:8,0
DA:10,2
DA:11,12
DA:12,0
DA:19,1
LF:10
LH:8
BRDA:4,0,0,12
BRDA:4,0,1,12
BRDA:4,0,2,12
BRDA:7,1,0,0
BRDA:7,1,1,2
BRDA:11,2,0,0
BRDA:11,2,1,12
BRF:7
BRH:5
end_of_record
